Start testing: Aug 29 23:13 DST
----------------------------------------------------------
1/47 Testing: Test01
1/47 Test: Test01
Command: "/usr/bin/python" "../execute.py"
Directory: /mnt/g/sync_Linux/NJOY-2016/Git-Clone/NJOY2016/bin/tests/01
"Test01" start time: Aug 29 23:13 DST
Output:
----------------------------------------------------------
<end of output>
Test time =   3.04 sec
----------------------------------------------------------
Test Passed.
"Test01" end time: Aug 29 23:13 DST
"Test01" time elapsed: 00:00:03
----------------------------------------------------------

2/47 Testing: Test02
2/47 Test: Test02
Command: "/usr/bin/python" "../execute.py"
Directory: /mnt/g/sync_Linux/NJOY-2016/Git-Clone/NJOY2016/bin/tests/02
"Test02" start time: Aug 29 23:13 DST
Output:
----------------------------------------------------------
<end of output>
Test time =   2.65 sec
----------------------------------------------------------
Test Passed.
"Test02" end time: Aug 29 23:13 DST
"Test02" time elapsed: 00:00:02
----------------------------------------------------------

3/47 Testing: Test03
3/47 Test: Test03
Command: "/usr/bin/python" "../execute.py"
Directory: /mnt/g/sync_Linux/NJOY-2016/Git-Clone/NJOY2016/bin/tests/03
"Test03" start time: Aug 29 23:13 DST
Output:
----------------------------------------------------------
<end of output>
Test time =   1.38 sec
----------------------------------------------------------
Test Passed.
"Test03" end time: Aug 29 23:13 DST
"Test03" time elapsed: 00:00:01
----------------------------------------------------------

4/47 Testing: Test04
4/47 Test: Test04
Command: "/usr/bin/python" "../execute.py"
Directory: /mnt/g/sync_Linux/NJOY-2016/Git-Clone/NJOY2016/bin/tests/04
"Test04" start time: Aug 29 23:13 DST
Output:
----------------------------------------------------------
<end of output>
Test time =   0.83 sec
----------------------------------------------------------
Test Passed.
"Test04" end time: Aug 29 23:13 DST
"Test04" time elapsed: 00:00:00
----------------------------------------------------------

5/47 Testing: Test05
5/47 Test: Test05
Command: "/usr/bin/python" "../execute.py"
Directory: /mnt/g/sync_Linux/NJOY-2016/Git-Clone/NJOY2016/bin/tests/05
"Test05" start time: Aug 29 23:13 DST
Output:
----------------------------------------------------------
<end of output>
Test time =   7.95 sec
----------------------------------------------------------
Test Passed.
"Test05" end time: Aug 29 23:13 DST
"Test05" time elapsed: 00:00:07
----------------------------------------------------------

6/47 Testing: Test06
6/47 Test: Test06
Command: "/usr/bin/python" "../execute.py"
Directory: /mnt/g/sync_Linux/NJOY-2016/Git-Clone/NJOY2016/bin/tests/06
"Test06" start time: Aug 29 23:13 DST
Output:
----------------------------------------------------------
<end of output>
Test time =   0.78 sec
----------------------------------------------------------
Test Passed.
"Test06" end time: Aug 29 23:13 DST
"Test06" time elapsed: 00:00:00
----------------------------------------------------------

7/47 Testing: Test07
7/47 Test: Test07
Command: "/usr/bin/python" "../execute.py"
Directory: /mnt/g/sync_Linux/NJOY-2016/Git-Clone/NJOY2016/bin/tests/07
"Test07" start time: Aug 29 23:13 DST
Output:
----------------------------------------------------------
<end of output>
Test time =   3.26 sec
----------------------------------------------------------
Test Passed.
"Test07" end time: Aug 29 23:13 DST
"Test07" time elapsed: 00:00:03
----------------------------------------------------------

8/47 Testing: Test08
8/47 Test: Test08
Command: "/usr/bin/python" "../execute.py"
Directory: /mnt/g/sync_Linux/NJOY-2016/Git-Clone/NJOY2016/bin/tests/08
"Test08" start time: Aug 29 23:13 DST
Output:
----------------------------------------------------------
<end of output>
Test time =   3.10 sec
----------------------------------------------------------
Test Passed.
"Test08" end time: Aug 29 23:13 DST
"Test08" time elapsed: 00:00:03
----------------------------------------------------------

9/47 Testing: Test09
9/47 Test: Test09
Command: "/usr/bin/python" "../execute.py"
Directory: /mnt/g/sync_Linux/NJOY-2016/Git-Clone/NJOY2016/bin/tests/09
"Test09" start time: Aug 29 23:13 DST
Output:
----------------------------------------------------------
<end of output>
Test time =   2.22 sec
----------------------------------------------------------
Test Passed.
"Test09" end time: Aug 29 23:13 DST
"Test09" time elapsed: 00:00:02
----------------------------------------------------------

10/47 Testing: Test10
10/47 Test: Test10
Command: "/usr/bin/python" "../execute.py"
Directory: /mnt/g/sync_Linux/NJOY-2016/Git-Clone/NJOY2016/bin/tests/10
"Test10" start time: Aug 29 23:13 DST
Output:
----------------------------------------------------------
<end of output>
Test time =  42.01 sec
----------------------------------------------------------
Test Passed.
"Test10" end time: Aug 29 23:14 DST
"Test10" time elapsed: 00:00:42
----------------------------------------------------------

11/47 Testing: Test11
11/47 Test: Test11
Command: "/usr/bin/python" "../execute.py"
Directory: /mnt/g/sync_Linux/NJOY-2016/Git-Clone/NJOY2016/bin/tests/11
"Test11" start time: Aug 29 23:14 DST
Output:
----------------------------------------------------------
<end of output>
Test time =   3.64 sec
----------------------------------------------------------
Test Passed.
"Test11" end time: Aug 29 23:14 DST
"Test11" time elapsed: 00:00:03
----------------------------------------------------------

12/47 Testing: Test12
12/47 Test: Test12
Command: "/usr/bin/python" "../execute.py"
Directory: /mnt/g/sync_Linux/NJOY-2016/Git-Clone/NJOY2016/bin/tests/12
"Test12" start time: Aug 29 23:14 DST
Output:
----------------------------------------------------------
<end of output>
Test time =   1.12 sec
----------------------------------------------------------
Test Passed.
"Test12" end time: Aug 29 23:14 DST
"Test12" time elapsed: 00:00:01
----------------------------------------------------------

13/47 Testing: Test13
13/47 Test: Test13
Command: "/usr/bin/python" "../execute.py"
Directory: /mnt/g/sync_Linux/NJOY-2016/Git-Clone/NJOY2016/bin/tests/13
"Test13" start time: Aug 29 23:14 DST
Output:
----------------------------------------------------------
<end of output>
Test time =   4.79 sec
----------------------------------------------------------
Test Passed.
"Test13" end time: Aug 29 23:14 DST
"Test13" time elapsed: 00:00:04
----------------------------------------------------------

14/47 Testing: Test14
14/47 Test: Test14
Command: "/usr/bin/python" "../execute.py"
Directory: /mnt/g/sync_Linux/NJOY-2016/Git-Clone/NJOY2016/bin/tests/14
"Test14" start time: Aug 29 23:14 DST
Output:
----------------------------------------------------------
<end of output>
Test time =   4.04 sec
----------------------------------------------------------
Test Passed.
"Test14" end time: Aug 29 23:14 DST
"Test14" time elapsed: 00:00:04
----------------------------------------------------------

15/47 Testing: Test15
15/47 Test: Test15
Command: "/usr/bin/python" "../execute.py"
Directory: /mnt/g/sync_Linux/NJOY-2016/Git-Clone/NJOY2016/bin/tests/15
"Test15" start time: Aug 29 23:14 DST
Output:
----------------------------------------------------------
<end of output>
Test time =  99.07 sec
----------------------------------------------------------
Test Passed.
"Test15" end time: Aug 29 23:16 DST
"Test15" time elapsed: 00:01:39
----------------------------------------------------------

16/47 Testing: Test16
16/47 Test: Test16
Command: "/usr/bin/python" "../execute.py"
Directory: /mnt/g/sync_Linux/NJOY-2016/Git-Clone/NJOY2016/bin/tests/16
"Test16" start time: Aug 29 23:16 DST
Output:
----------------------------------------------------------
<end of output>
Test time =  99.60 sec
----------------------------------------------------------
Test Passed.
"Test16" end time: Aug 29 23:18 DST
"Test16" time elapsed: 00:01:39
----------------------------------------------------------

17/47 Testing: Test17
17/47 Test: Test17
Command: "/usr/bin/python" "../execute.py"
Directory: /mnt/g/sync_Linux/NJOY-2016/Git-Clone/NJOY2016/bin/tests/17
"Test17" start time: Aug 29 23:18 DST
Output:
----------------------------------------------------------
<end of output>
Test time = 296.06 sec
----------------------------------------------------------
Test Passed.
"Test17" end time: Aug 29 23:23 DST
"Test17" time elapsed: 00:04:56
----------------------------------------------------------

18/47 Testing: Test18
18/47 Test: Test18
Command: "/usr/bin/python" "../execute.py"
Directory: /mnt/g/sync_Linux/NJOY-2016/Git-Clone/NJOY2016/bin/tests/18
"Test18" start time: Aug 29 23:23 DST
Output:
----------------------------------------------------------
<end of output>
Test time =   1.83 sec
----------------------------------------------------------
Test Passed.
"Test18" end time: Aug 29 23:23 DST
"Test18" time elapsed: 00:00:01
----------------------------------------------------------

19/47 Testing: Test19
19/47 Test: Test19
Command: "/usr/bin/python" "../execute.py"
Directory: /mnt/g/sync_Linux/NJOY-2016/Git-Clone/NJOY2016/bin/tests/19
"Test19" start time: Aug 29 23:23 DST
Output:
----------------------------------------------------------
<end of output>
Test time = 106.03 sec
----------------------------------------------------------
Test Passed.
"Test19" end time: Aug 29 23:24 DST
"Test19" time elapsed: 00:01:46
----------------------------------------------------------

20/47 Testing: Test20
20/47 Test: Test20
Command: "/usr/bin/python" "../execute.py"
Directory: /mnt/g/sync_Linux/NJOY-2016/Git-Clone/NJOY2016/bin/tests/20
"Test20" start time: Aug 29 23:24 DST
Output:
----------------------------------------------------------
<end of output>
Test time =  88.61 sec
----------------------------------------------------------
Test Passed.
"Test20" end time: Aug 29 23:26 DST
"Test20" time elapsed: 00:01:28
----------------------------------------------------------

21/47 Testing: Test21
21/47 Test: Test21
Command: "/usr/bin/python" "../execute.py"
Directory: /mnt/g/sync_Linux/NJOY-2016/Git-Clone/NJOY2016/bin/tests/21
"Test21" start time: Aug 29 23:26 DST
Output:
----------------------------------------------------------
<end of output>
Test time = 272.42 sec
----------------------------------------------------------
Test Passed.
"Test21" end time: Aug 29 23:30 DST
"Test21" time elapsed: 00:04:32
----------------------------------------------------------

22/47 Testing: Test22
22/47 Test: Test22
Command: "/usr/bin/python" "../execute.py"
Directory: /mnt/g/sync_Linux/NJOY-2016/Git-Clone/NJOY2016/bin/tests/22
"Test22" start time: Aug 29 23:30 DST
Output:
----------------------------------------------------------
<end of output>
Test time =   1.98 sec
----------------------------------------------------------
Test Passed.
"Test22" end time: Aug 29 23:30 DST
"Test22" time elapsed: 00:00:01
----------------------------------------------------------

23/47 Testing: Test23
23/47 Test: Test23
Command: "/usr/bin/python" "../execute.py"
Directory: /mnt/g/sync_Linux/NJOY-2016/Git-Clone/NJOY2016/bin/tests/23
"Test23" start time: Aug 29 23:30 DST
Output:
----------------------------------------------------------
<end of output>
Test time =  12.28 sec
----------------------------------------------------------
Test Passed.
"Test23" end time: Aug 29 23:31 DST
"Test23" time elapsed: 00:00:12
----------------------------------------------------------

24/47 Testing: Test24
24/47 Test: Test24
Command: "/usr/bin/python" "../execute.py"
Directory: /mnt/g/sync_Linux/NJOY-2016/Git-Clone/NJOY2016/bin/tests/24
"Test24" start time: Aug 29 23:31 DST
Output:
----------------------------------------------------------
<end of output>
Test time =  97.22 sec
----------------------------------------------------------
Test Passed.
"Test24" end time: Aug 29 23:32 DST
"Test24" time elapsed: 00:01:37
----------------------------------------------------------

25/47 Testing: Test25
25/47 Test: Test25
Command: "/usr/bin/python" "../execute.py"
Directory: /mnt/g/sync_Linux/NJOY-2016/Git-Clone/NJOY2016/bin/tests/25
"Test25" start time: Aug 29 23:32 DST
Output:
----------------------------------------------------------
<end of output>
Test time = 151.83 sec
----------------------------------------------------------
Test Passed.
"Test25" end time: Aug 29 23:35 DST
"Test25" time elapsed: 00:02:31
----------------------------------------------------------

26/47 Testing: Test26
26/47 Test: Test26
Command: "/usr/bin/python" "../execute.py"
Directory: /mnt/g/sync_Linux/NJOY-2016/Git-Clone/NJOY2016/bin/tests/26
"Test26" start time: Aug 29 23:35 DST
Output:
----------------------------------------------------------
<end of output>
Test time =   1.21 sec
----------------------------------------------------------
Test Passed.
"Test26" end time: Aug 29 23:35 DST
"Test26" time elapsed: 00:00:01
----------------------------------------------------------

27/47 Testing: Test27
27/47 Test: Test27
Command: "/usr/bin/python" "../execute.py"
Directory: /mnt/g/sync_Linux/NJOY-2016/Git-Clone/NJOY2016/bin/tests/27
"Test27" start time: Aug 29 23:35 DST
Output:
----------------------------------------------------------
<end of output>
Test time =  54.81 sec
----------------------------------------------------------
Test Passed.
"Test27" end time: Aug 29 23:36 DST
"Test27" time elapsed: 00:00:54
----------------------------------------------------------

28/47 Testing: Test28
28/47 Test: Test28
Command: "/usr/bin/python" "../execute.py"
Directory: /mnt/g/sync_Linux/NJOY-2016/Git-Clone/NJOY2016/bin/tests/28
"Test28" start time: Aug 29 23:36 DST
Output:
----------------------------------------------------------
<end of output>
Test time =  11.17 sec
----------------------------------------------------------
Test Passed.
"Test28" end time: Aug 29 23:36 DST
"Test28" time elapsed: 00:00:11
----------------------------------------------------------

29/47 Testing: Test29
29/47 Test: Test29
Command: "/usr/bin/python" "../execute.py"
Directory: /mnt/g/sync_Linux/NJOY-2016/Git-Clone/NJOY2016/bin/tests/29
"Test29" start time: Aug 29 23:36 DST
Output:
----------------------------------------------------------
<end of output>
Test time =   4.31 sec
----------------------------------------------------------
Test Passed.
"Test29" end time: Aug 29 23:36 DST
"Test29" time elapsed: 00:00:04
----------------------------------------------------------

30/47 Testing: Test30
30/47 Test: Test30
Command: "/usr/bin/python" "../execute.py"
Directory: /mnt/g/sync_Linux/NJOY-2016/Git-Clone/NJOY2016/bin/tests/30
"Test30" start time: Aug 29 23:36 DST
Output:
----------------------------------------------------------
<end of output>
Test time =   6.56 sec
----------------------------------------------------------
Test Passed.
"Test30" end time: Aug 29 23:36 DST
"Test30" time elapsed: 00:00:06
----------------------------------------------------------

31/47 Testing: Test31
31/47 Test: Test31
Command: "/usr/bin/python" "../execute.py"
Directory: /mnt/g/sync_Linux/NJOY-2016/Git-Clone/NJOY2016/bin/tests/31
"Test31" start time: Aug 29 23:36 DST
Output:
----------------------------------------------------------
<end of output>
Test time =  46.69 sec
----------------------------------------------------------
Test Passed.
"Test31" end time: Aug 29 23:37 DST
"Test31" time elapsed: 00:00:46
----------------------------------------------------------

32/47 Testing: Test32
32/47 Test: Test32
Command: "/usr/bin/python" "../execute.py"
Directory: /mnt/g/sync_Linux/NJOY-2016/Git-Clone/NJOY2016/bin/tests/32
"Test32" start time: Aug 29 23:37 DST
Output:
----------------------------------------------------------
<end of output>
Test time =  27.04 sec
----------------------------------------------------------
Test Passed.
"Test32" end time: Aug 29 23:37 DST
"Test32" time elapsed: 00:00:27
----------------------------------------------------------

33/47 Testing: Test33
33/47 Test: Test33
Command: "/usr/bin/python" "../execute.py"
Directory: /mnt/g/sync_Linux/NJOY-2016/Git-Clone/NJOY2016/bin/tests/33
"Test33" start time: Aug 29 23:37 DST
Output:
----------------------------------------------------------
<end of output>
Test time =  85.83 sec
----------------------------------------------------------
Test Passed.
"Test33" end time: Aug 29 23:39 DST
"Test33" time elapsed: 00:01:25
----------------------------------------------------------

34/47 Testing: Test34
34/47 Test: Test34
Command: "/usr/bin/python" "../execute.py"
Directory: /mnt/g/sync_Linux/NJOY-2016/Git-Clone/NJOY2016/bin/tests/34
"Test34" start time: Aug 29 23:39 DST
Output:
----------------------------------------------------------
<end of output>
Test time =  25.89 sec
----------------------------------------------------------
Test Passed.
"Test34" end time: Aug 29 23:39 DST
"Test34" time elapsed: 00:00:25
----------------------------------------------------------

35/47 Testing: Test35
35/47 Test: Test35
Command: "/usr/bin/python" "../execute.py"
Directory: /mnt/g/sync_Linux/NJOY-2016/Git-Clone/NJOY2016/bin/tests/35
"Test35" start time: Aug 29 23:39 DST
Output:
----------------------------------------------------------
<end of output>
Test time =  51.28 sec
----------------------------------------------------------
Test Passed.
"Test35" end time: Aug 29 23:40 DST
"Test35" time elapsed: 00:00:51
----------------------------------------------------------

36/47 Testing: Test36
36/47 Test: Test36
Command: "/usr/bin/python" "../execute.py"
Directory: /mnt/g/sync_Linux/NJOY-2016/Git-Clone/NJOY2016/bin/tests/36
"Test36" start time: Aug 29 23:40 DST
Output:
----------------------------------------------------------
<end of output>
Test time =  36.09 sec
----------------------------------------------------------
Test Passed.
"Test36" end time: Aug 29 23:41 DST
"Test36" time elapsed: 00:00:36
----------------------------------------------------------

37/47 Testing: Test37
37/47 Test: Test37
Command: "/usr/bin/python" "../execute.py"
Directory: /mnt/g/sync_Linux/NJOY-2016/Git-Clone/NJOY2016/bin/tests/37
"Test37" start time: Aug 29 23:41 DST
Output:
----------------------------------------------------------
<end of output>
Test time =  27.91 sec
----------------------------------------------------------
Test Passed.
"Test37" end time: Aug 29 23:41 DST
"Test37" time elapsed: 00:00:27
----------------------------------------------------------

38/47 Testing: Test38
38/47 Test: Test38
Command: "/usr/bin/python" "../execute.py"
Directory: /mnt/g/sync_Linux/NJOY-2016/Git-Clone/NJOY2016/bin/tests/38
"Test38" start time: Aug 29 23:41 DST
Output:
----------------------------------------------------------
<end of output>
Test time =  46.72 sec
----------------------------------------------------------
Test Passed.
"Test38" end time: Aug 29 23:42 DST
"Test38" time elapsed: 00:00:46
----------------------------------------------------------

39/47 Testing: Test39
39/47 Test: Test39
Command: "/usr/bin/python" "../execute.py"
Directory: /mnt/g/sync_Linux/NJOY-2016/Git-Clone/NJOY2016/bin/tests/39
"Test39" start time: Aug 29 23:42 DST
Output:
----------------------------------------------------------
<end of output>
Test time =  40.68 sec
----------------------------------------------------------
Test Passed.
"Test39" end time: Aug 29 23:43 DST
"Test39" time elapsed: 00:00:40
----------------------------------------------------------

40/47 Testing: Test40
40/47 Test: Test40
Command: "/usr/bin/python" "../execute.py"
Directory: /mnt/g/sync_Linux/NJOY-2016/Git-Clone/NJOY2016/bin/tests/40
"Test40" start time: Aug 29 23:43 DST
Output:
----------------------------------------------------------
<end of output>
Test time =  41.49 sec
----------------------------------------------------------
Test Passed.
"Test40" end time: Aug 29 23:43 DST
"Test40" time elapsed: 00:00:41
----------------------------------------------------------

41/47 Testing: Test41
41/47 Test: Test41
Command: "/usr/bin/python" "../execute.py"
Directory: /mnt/g/sync_Linux/NJOY-2016/Git-Clone/NJOY2016/bin/tests/41
"Test41" start time: Aug 29 23:43 DST
Output:
----------------------------------------------------------
<end of output>
Test time =  66.46 sec
----------------------------------------------------------
Test Passed.
"Test41" end time: Aug 29 23:44 DST
"Test41" time elapsed: 00:01:06
----------------------------------------------------------

42/47 Testing: Test42
42/47 Test: Test42
Command: "/usr/bin/python" "../execute.py"
Directory: /mnt/g/sync_Linux/NJOY-2016/Git-Clone/NJOY2016/bin/tests/42
"Test42" start time: Aug 29 23:44 DST
Output:
----------------------------------------------------------
<end of output>
Test time =  28.35 sec
----------------------------------------------------------
Test Passed.
"Test42" end time: Aug 29 23:45 DST
"Test42" time elapsed: 00:00:28
----------------------------------------------------------

43/47 Testing: Test43
43/47 Test: Test43
Command: "/usr/bin/python" "../execute.py"
Directory: /mnt/g/sync_Linux/NJOY-2016/Git-Clone/NJOY2016/bin/tests/43
"Test43" start time: Aug 29 23:45 DST
Output:
----------------------------------------------------------
<end of output>
Test time =   0.67 sec
----------------------------------------------------------
Test Passed.
"Test43" end time: Aug 29 23:45 DST
"Test43" time elapsed: 00:00:00
----------------------------------------------------------

44/47 Testing: Test44
44/47 Test: Test44
Command: "/usr/bin/python" "../execute.py"
Directory: /mnt/g/sync_Linux/NJOY-2016/Git-Clone/NJOY2016/bin/tests/44
"Test44" start time: Aug 29 23:45 DST
Output:
----------------------------------------------------------
<end of output>
Test time =   0.70 sec
----------------------------------------------------------
Test Passed.
"Test44" end time: Aug 29 23:45 DST
"Test44" time elapsed: 00:00:00
----------------------------------------------------------

45/47 Testing: Test45
45/47 Test: Test45
Command: "/usr/bin/python" "../execute.py"
Directory: /mnt/g/sync_Linux/NJOY-2016/Git-Clone/NJOY2016/bin/tests/45
"Test45" start time: Aug 29 23:45 DST
Output:
----------------------------------------------------------
<end of output>
Test time =   0.99 sec
----------------------------------------------------------
Test Passed.
"Test45" end time: Aug 29 23:45 DST
"Test45" time elapsed: 00:00:00
----------------------------------------------------------

46/47 Testing: Test46
46/47 Test: Test46
Command: "/usr/bin/python" "../execute.py"
Directory: /mnt/g/sync_Linux/NJOY-2016/Git-Clone/NJOY2016/bin/tests/46
"Test46" start time: Aug 29 23:45 DST
Output:
----------------------------------------------------------
<end of output>
Test time =   9.55 sec
----------------------------------------------------------
Test Passed.
"Test46" end time: Aug 29 23:45 DST
"Test46" time elapsed: 00:00:09
----------------------------------------------------------

47/47 Testing: Test47
47/47 Test: Test47
Command: "/usr/bin/python" "../execute.py"
Directory: /mnt/g/sync_Linux/NJOY-2016/Git-Clone/NJOY2016/bin/tests/47
"Test47" start time: Aug 29 23:45 DST
Output:
----------------------------------------------------------
<end of output>
Test time =  63.40 sec
----------------------------------------------------------
Test Passed.
"Test47" end time: Aug 29 23:46 DST
"Test47" time elapsed: 00:01:03
----------------------------------------------------------

End testing: Aug 29 23:46 DST
